<?xml version="1.0" encoding="UTF-8"?>
<testsuite xmlns:xsi="http://www.w3.org/2001/XMLSchema-instance" xsi:noNamespaceSchemaLocation="https://maven.apache.org/surefire/maven-surefire-plugin/xsd/surefire-test-report.xsd" name="com.in28minutes.microservices.currencyconversionservice.CurrencyConversionServiceApplicationTests" time="58.971" tests="1" errors="0" skipped="0" failures="0">
  <properties>
    <property name="sun.desktop" value="windows"/>
    <property name="awt.toolkit" value="sun.awt.windows.WToolkit"/>
    <property name="file.encoding.pkg" value="sun.io"/>
    <property name="java.specification.version" value="1.8"/>
    <property name="sun.cpu.isalist" value="amd64"/>
    <property name="sun.jnu.encoding" value="Cp1252"/>
    <property name="java.class.path" value="C:\Users\vraj3\OneDrive\Desktop\Java Training All Material\Microservices Project\Currency_Exchange\currency-conversion-service\target\test-classes;C:\Users\vraj3\OneDrive\Desktop\Java Training All Material\Microservices Project\Currency_Exchange\currency-conversion-service\target\classes;C:\Users\vraj3\.m2\repository\org\springframework\boot\spring-boot-starter-actuator\2.3.1.RELEASE\spring-boot-starter-actuator-2.3.1.RELEASE.jar;C:\Users\vraj3\.m2\repository\org\springframework\boot\spring-boot-starter\2.3.1.RELEASE\spring-boot-starter-2.3.1.RELEASE.jar;C:\Users\vraj3\.m2\repository\org\springframework\boot\spring-boot-starter-logging\2.3.1.RELEASE\spring-boot-starter-logging-2.3.1.RELEASE.jar;C:\Users\vraj3\.m2\repository\ch\qos\logback\logback-classic\1.2.3\logback-classic-1.2.3.jar;C:\Users\vraj3\.m2\repository\ch\qos\logback\logback-core\1.2.3\logback-core-1.2.3.jar;C:\Users\vraj3\.m2\repository\org\apache\logging\log4j\log4j-to-slf4j\2.13.3\log4j-to-slf4j-2.13.3.jar;C:\Users\vraj3\.m2\repository\org\apache\logging\log4j\log4j-api\2.13.3\log4j-api-2.13.3.jar;C:\Users\vraj3\.m2\repository\org\slf4j\jul-to-slf4j\1.7.30\jul-to-slf4j-1.7.30.jar;C:\Users\vraj3\.m2\repository\jakarta\annotation\jakarta.annotation-api\1.3.5\jakarta.annotation-api-1.3.5.jar;C:\Users\vraj3\.m2\repository\org\yaml\snakeyaml\1.26\snakeyaml-1.26.jar;C:\Users\vraj3\.m2\repository\org\springframework\boot\spring-boot-actuator-autoconfigure\2.3.1.RELEASE\spring-boot-actuator-autoconfigure-2.3.1.RELEASE.jar;C:\Users\vraj3\.m2\repository\org\springframework\boot\spring-boot-actuator\2.3.1.RELEASE\spring-boot-actuator-2.3.1.RELEASE.jar;C:\Users\vraj3\.m2\repository\com\fasterxml\jackson\datatype\jackson-datatype-jsr310\2.11.0\jackson-datatype-jsr310-2.11.0.jar;C:\Users\vraj3\.m2\repository\io\micrometer\micrometer-core\1.5.1\micrometer-core-1.5.1.jar;C:\Users\vraj3\.m2\repository\org\hdrhistogram\HdrHistogram\2.1.12\HdrHistogram-2.1.12.jar;C:\Users\vraj3\.m2\repository\org\latencyutils\LatencyUtils\2.0.3\LatencyUtils-2.0.3.jar;C:\Users\vraj3\.m2\repository\org\springframework\boot\spring-boot-starter-web\2.3.1.RELEASE\spring-boot-starter-web-2.3.1.RELEASE.jar;C:\Users\vraj3\.m2\repository\org\springframework\boot\spring-boot-starter-json\2.3.1.RELEASE\spring-boot-starter-json-2.3.1.RELEASE.jar;C:\Users\vraj3\.m2\repository\com\fasterxml\jackson\datatype\jackson-datatype-jdk8\2.11.0\jackson-datatype-jdk8-2.11.0.jar;C:\Users\vraj3\.m2\repository\com\fasterxml\jackson\module\jackson-module-parameter-names\2.11.0\jackson-module-parameter-names-2.11.0.jar;C:\Users\vraj3\.m2\repository\org\springframework\boot\spring-boot-starter-tomcat\2.3.1.RELEASE\spring-boot-starter-tomcat-2.3.1.RELEASE.jar;C:\Users\vraj3\.m2\repository\org\apache\tomcat\embed\tomcat-embed-core\9.0.36\tomcat-embed-core-9.0.36.jar;C:\Users\vraj3\.m2\repository\org\glassfish\jakarta.el\3.0.3\jakarta.el-3.0.3.jar;C:\Users\vraj3\.m2\repository\org\apache\tomcat\embed\tomcat-embed-websocket\9.0.36\tomcat-embed-websocket-9.0.36.jar;C:\Users\vraj3\.m2\repository\org\springframework\spring-web\5.2.7.RELEASE\spring-web-5.2.7.RELEASE.jar;C:\Users\vraj3\.m2\repository\org\springframework\spring-beans\5.2.7.RELEASE\spring-beans-5.2.7.RELEASE.jar;C:\Users\vraj3\.m2\repository\org\springframework\spring-webmvc\5.2.7.RELEASE\spring-webmvc-5.2.7.RELEASE.jar;C:\Users\vraj3\.m2\repository\org\springframework\spring-aop\5.2.7.RELEASE\spring-aop-5.2.7.RELEASE.jar;C:\Users\vraj3\.m2\repository\org\springframework\spring-expression\5.2.7.RELEASE\spring-expression-5.2.7.RELEASE.jar;C:\Users\vraj3\.m2\repository\org\springframework\cloud\spring-cloud-starter-config\2.2.3.RELEASE\spring-cloud-starter-config-2.2.3.RELEASE.jar;C:\Users\vraj3\.m2\repository\org\springframework\cloud\spring-cloud-starter\2.2.3.RELEASE\spring-cloud-starter-2.2.3.RELEASE.jar;C:\Users\vraj3\.m2\repository\org\springframework\cloud\spring-cloud-context\2.2.3.RELEASE\spring-cloud-context-2.2.3.RELEASE.jar;C:\Users\vraj3\.m2\repository\org\springframework\security\spring-security-rsa\1.0.9.RELEASE\spring-security-rsa-1.0.9.RELEASE.jar;C:\Users\vraj3\.m2\repository\org\bouncycastle\bcpkix-jdk15on\1.64\bcpkix-jdk15on-1.64.jar;C:\Users\vraj3\.m2\repository\org\bouncycastle\bcprov-jdk15on\1.64\bcprov-jdk15on-1.64.jar;C:\Users\vraj3\.m2\repository\org\springframework\cloud\spring-cloud-config-client\2.2.3.RELEASE\spring-cloud-config-client-2.2.3.RELEASE.jar;C:\Users\vraj3\.m2\repository\com\fasterxml\jackson\core\jackson-annotations\2.11.0\jackson-annotations-2.11.0.jar;C:\Users\vraj3\.m2\repository\com\fasterxml\jackson\core\jackson-databind\2.11.0\jackson-databind-2.11.0.jar;C:\Users\vraj3\.m2\repository\com\fasterxml\jackson\core\jackson-core\2.11.0\jackson-core-2.11.0.jar;C:\Users\vraj3\.m2\repository\org\springframework\cloud\spring-cloud-starter-openfeign\2.2.3.RELEASE\spring-cloud-starter-openfeign-2.2.3.RELEASE.jar;C:\Users\vraj3\.m2\repository\org\springframework\cloud\spring-cloud-openfeign-core\2.2.3.RELEASE\spring-cloud-openfeign-core-2.2.3.RELEASE.jar;C:\Users\vraj3\.m2\repository\io\github\openfeign\form\feign-form-spring\3.8.0\feign-form-spring-3.8.0.jar;C:\Users\vraj3\.m2\repository\io\github\openfeign\form\feign-form\3.8.0\feign-form-3.8.0.jar;C:\Users\vraj3\.m2\repository\commons-fileupload\commons-fileupload\1.4\commons-fileupload-1.4.jar;C:\Users\vraj3\.m2\repository\commons-io\commons-io\2.2\commons-io-2.2.jar;C:\Users\vraj3\.m2\repository\org\springframework\cloud\spring-cloud-commons\2.2.3.RELEASE\spring-cloud-commons-2.2.3.RELEASE.jar;C:\Users\vraj3\.m2\repository\org\springframework\security\spring-security-crypto\5.3.3.RELEASE\spring-security-crypto-5.3.3.RELEASE.jar;C:\Users\vraj3\.m2\repository\io\github\openfeign\feign-core\10.10.1\feign-core-10.10.1.jar;C:\Users\vraj3\.m2\repository\io\github\openfeign\feign-slf4j\10.10.1\feign-slf4j-10.10.1.jar;C:\Users\vraj3\.m2\repository\org\slf4j\slf4j-api\1.7.30\slf4j-api-1.7.30.jar;C:\Users\vraj3\.m2\repository\io\github\openfeign\feign-hystrix\10.10.1\feign-hystrix-10.10.1.jar;C:\Users\vraj3\.m2\repository\com\netflix\archaius\archaius-core\0.7.6\archaius-core-0.7.6.jar;C:\Users\vraj3\.m2\repository\com\google\code\findbugs\jsr305\3.0.1\jsr305-3.0.1.jar;C:\Users\vraj3\.m2\repository\com\netflix\hystrix\hystrix-core\1.5.18\hystrix-core-1.5.18.jar;C:\Users\vraj3\.m2\repository\org\springframework\cloud\spring-cloud-starter-loadbalancer\2.2.3.RELEASE\spring-cloud-starter-loadbalancer-2.2.3.RELEASE.jar;C:\Users\vraj3\.m2\repository\org\springframework\cloud\spring-cloud-loadbalancer\2.2.3.RELEASE\spring-cloud-loadbalancer-2.2.3.RELEASE.jar;C:\Users\vraj3\.m2\repository\org\springframework\boot\spring-boot-starter-validation\2.3.1.RELEASE\spring-boot-starter-validation-2.3.1.RELEASE.jar;C:\Users\vraj3\.m2\repository\org\hibernate\validator\hibernate-validator\6.1.5.Final\hibernate-validator-6.1.5.Final.jar;C:\Users\vraj3\.m2\repository\jakarta\validation\jakarta.validation-api\2.0.2\jakarta.validation-api-2.0.2.jar;C:\Users\vraj3\.m2\repository\org\jboss\logging\jboss-logging\3.4.1.Final\jboss-logging-3.4.1.Final.jar;C:\Users\vraj3\.m2\repository\com\fasterxml\classmate\1.5.1\classmate-1.5.1.jar;C:\Users\vraj3\.m2\repository\io\projectreactor\reactor-core\3.3.6.RELEASE\reactor-core-3.3.6.RELEASE.jar;C:\Users\vraj3\.m2\repository\org\reactivestreams\reactive-streams\1.0.3\reactive-streams-1.0.3.jar;C:\Users\vraj3\.m2\repository\io\projectreactor\addons\reactor-extra\3.3.3.RELEASE\reactor-extra-3.3.3.RELEASE.jar;C:\Users\vraj3\.m2\repository\org\springframework\boot\spring-boot-starter-cache\2.3.1.RELEASE\spring-boot-starter-cache-2.3.1.RELEASE.jar;C:\Users\vraj3\.m2\repository\org\springframework\spring-context-support\5.2.7.RELEASE\spring-context-support-5.2.7.RELEASE.jar;C:\Users\vraj3\.m2\repository\com\stoyanr\evictor\1.0.0\evictor-1.0.0.jar;C:\Users\vraj3\.m2\repository\org\springframework\cloud\spring-cloud-starter-netflix-ribbon\2.2.10.RELEASE\spring-cloud-starter-netflix-ribbon-2.2.10.RELEASE.jar;C:\Users\vraj3\.m2\repository\org\springframework\cloud\spring-cloud-netflix-ribbon\2.2.3.RELEASE\spring-cloud-netflix-ribbon-2.2.3.RELEASE.jar;C:\Users\vraj3\.m2\repository\org\springframework\cloud\spring-cloud-netflix-archaius\2.2.3.RELEASE\spring-cloud-netflix-archaius-2.2.3.RELEASE.jar;C:\Users\vraj3\.m2\repository\org\springframework\cloud\spring-cloud-starter-netflix-archaius\2.2.3.RELEASE\spring-cloud-starter-netflix-archaius-2.2.3.RELEASE.jar;C:\Users\vraj3\.m2\repository\commons-configuration\commons-configuration\1.8\commons-configuration-1.8.jar;C:\Users\vraj3\.m2\repository\com\netflix\ribbon\ribbon\2.3.0\ribbon-2.3.0.jar;C:\Users\vraj3\.m2\repository\com\netflix\ribbon\ribbon-transport\2.3.0\ribbon-transport-2.3.0.jar;C:\Users\vraj3\.m2\repository\io\reactivex\rxnetty-contexts\0.4.9\rxnetty-contexts-0.4.9.jar;C:\Users\vraj3\.m2\repository\io\reactivex\rxnetty-servo\0.4.9\rxnetty-servo-0.4.9.jar;C:\Users\vraj3\.m2\repository\javax\inject\javax.inject\1\javax.inject-1.jar;C:\Users\vraj3\.m2\repository\io\reactivex\rxnetty\0.4.9\rxnetty-0.4.9.jar;C:\Users\vraj3\.m2\repository\com\google\guava\guava\29.0-android\guava-29.0-android.jar;C:\Users\vraj3\.m2\repository\com\google\guava\failureaccess\1.0.1\failureaccess-1.0.1.jar;C:\Users\vraj3\.m2\repository\com\google\guava\listenablefuture\9999.0-empty-to-avoid-conflict-with-guava\listenablefuture-9999.0-empty-to-avoid-conflict-with-guava.jar;C:\Users\vraj3\.m2\repository\org\checkerframework\checker-compat-qual\2.5.5\checker-compat-qual-2.5.5.jar;C:\Users\vraj3\.m2\repository\com\google\errorprone\error_prone_annotations\2.3.4\error_prone_annotations-2.3.4.jar;C:\Users\vraj3\.m2\repository\com\google\j2objc\j2objc-annotations\1.3\j2objc-annotations-1.3.jar;C:\Users\vraj3\.m2\repository\com\netflix\ribbon\ribbon-core\2.3.0\ribbon-core-2.3.0.jar;C:\Users\vraj3\.m2\repository\commons-lang\commons-lang\2.6\commons-lang-2.6.jar;C:\Users\vraj3\.m2\repository\com\netflix\ribbon\ribbon-httpclient\2.3.0\ribbon-httpclient-2.3.0.jar;C:\Users\vraj3\.m2\repository\commons-collections\commons-collections\3.2.2\commons-collections-3.2.2.jar;C:\Users\vraj3\.m2\repository\org\apache\httpcomponents\httpclient\4.5.12\httpclient-4.5.12.jar;C:\Users\vraj3\.m2\repository\org\apache\httpcomponents\httpcore\4.4.13\httpcore-4.4.13.jar;C:\Users\vraj3\.m2\repository\commons-codec\commons-codec\1.14\commons-codec-1.14.jar;C:\Users\vraj3\.m2\repository\com\sun\jersey\jersey-client\1.19.1\jersey-client-1.19.1.jar;C:\Users\vraj3\.m2\repository\com\sun\jersey\contribs\jersey-apache-client4\1.19.1\jersey-apache-client4-1.19.1.jar;C:\Users\vraj3\.m2\repository\com\netflix\servo\servo-core\0.12.21\servo-core-0.12.21.jar;C:\Users\vraj3\.m2\repository\com\netflix\netflix-commons\netflix-commons-util\0.3.0\netflix-commons-util-0.3.0.jar;C:\Users\vraj3\.m2\repository\com\netflix\ribbon\ribbon-loadbalancer\2.3.0\ribbon-loadbalancer-2.3.0.jar;C:\Users\vraj3\.m2\repository\com\netflix\netflix-commons\netflix-statistics\0.1.1\netflix-statistics-0.1.1.jar;C:\Users\vraj3\.m2\repository\io\reactivex\rxjava\1.3.8\rxjava-1.3.8.jar;C:\Users\vraj3\.m2\repository\com\thoughtworks\xstream\xstream\1.4.15\xstream-1.4.15.jar;C:\Users\vraj3\.m2\repository\xmlpull\xmlpull\1.1.3.1\xmlpull-1.1.3.1.jar;C:\Users\vraj3\.m2\repository\xpp3\xpp3_min\1.1.4c\xpp3_min-1.1.4c.jar;C:\Users\vraj3\.m2\repository\org\springframework\cloud\spring-cloud-starter-sleuth\2.2.1.RELEASE\spring-cloud-starter-sleuth-2.2.1.RELEASE.jar;C:\Users\vraj3\.m2\repository\org\springframework\boot\spring-boot-starter-aop\2.3.1.RELEASE\spring-boot-starter-aop-2.3.1.RELEASE.jar;C:\Users\vraj3\.m2\repository\org\aspectj\aspectjweaver\1.9.5\aspectjweaver-1.9.5.jar;C:\Users\vraj3\.m2\repository\org\springframework\cloud\spring-cloud-sleuth-core\2.2.3.RELEASE\spring-cloud-sleuth-core-2.2.3.RELEASE.jar;C:\Users\vraj3\.m2\repository\org\aspectj\aspectjrt\1.9.5\aspectjrt-1.9.5.jar;C:\Users\vraj3\.m2\repository\io\zipkin\brave\brave\5.12.3\brave-5.12.3.jar;C:\Users\vraj3\.m2\repository\io\zipkin\brave\brave-context-slf4j\5.12.3\brave-context-slf4j-5.12.3.jar;C:\Users\vraj3\.m2\repository\io\zipkin\brave\brave-instrumentation-messaging\5.12.3\brave-instrumentation-messaging-5.12.3.jar;C:\Users\vraj3\.m2\repository\io\zipkin\brave\brave-instrumentation-rpc\5.12.3\brave-instrumentation-rpc-5.12.3.jar;C:\Users\vraj3\.m2\repository\io\zipkin\brave\brave-instrumentation-spring-web\5.12.3\brave-instrumentation-spring-web-5.12.3.jar;C:\Users\vraj3\.m2\repository\io\zipkin\brave\brave-instrumentation-http\5.12.3\brave-instrumentation-http-5.12.3.jar;C:\Users\vraj3\.m2\repository\io\zipkin\brave\brave-instrumentation-spring-rabbit\5.12.3\brave-instrumentation-spring-rabbit-5.12.3.jar;C:\Users\vraj3\.m2\repository\io\zipkin\brave\brave-instrumentation-kafka-clients\5.12.3\brave-instrumentation-kafka-clients-5.12.3.jar;C:\Users\vraj3\.m2\repository\io\zipkin\brave\brave-instrumentation-kafka-streams\5.12.3\brave-instrumentation-kafka-streams-5.12.3.jar;C:\Users\vraj3\.m2\repository\io\zipkin\brave\brave-instrumentation-httpclient\5.12.3\brave-instrumentation-httpclient-5.12.3.jar;C:\Users\vraj3\.m2\repository\io\zipkin\brave\brave-instrumentation-httpasyncclient\5.12.3\brave-instrumentation-httpasyncclient-5.12.3.jar;C:\Users\vraj3\.m2\repository\io\zipkin\brave\brave-instrumentation-spring-webmvc\5.12.3\brave-instrumentation-spring-webmvc-5.12.3.jar;C:\Users\vraj3\.m2\repository\io\zipkin\brave\brave-instrumentation-servlet\5.12.3\brave-instrumentation-servlet-5.12.3.jar;C:\Users\vraj3\.m2\repository\io\zipkin\brave\brave-instrumentation-jms\5.12.3\brave-instrumentation-jms-5.12.3.jar;C:\Users\vraj3\.m2\repository\io\zipkin\reporter2\zipkin-reporter-metrics-micrometer\2.15.0\zipkin-reporter-metrics-micrometer-2.15.0.jar;C:\Users\vraj3\.m2\repository\org\springframework\cloud\spring-cloud-starter-zipkin\2.1.1.RELEASE\spring-cloud-starter-zipkin-2.1.1.RELEASE.jar;C:\Users\vraj3\.m2\repository\org\springframework\cloud\spring-cloud-sleuth-zipkin\2.2.3.RELEASE\spring-cloud-sleuth-zipkin-2.2.3.RELEASE.jar;C:\Users\vraj3\.m2\repository\io\zipkin\zipkin2\zipkin\2.21.1\zipkin-2.21.1.jar;C:\Users\vraj3\.m2\repository\io\zipkin\reporter2\zipkin-reporter\2.15.0\zipkin-reporter-2.15.0.jar;C:\Users\vraj3\.m2\repository\io\zipkin\reporter2\zipkin-reporter-brave\2.15.0\zipkin-reporter-brave-2.15.0.jar;C:\Users\vraj3\.m2\repository\io\zipkin\reporter2\zipkin-sender-kafka\2.15.0\zipkin-sender-kafka-2.15.0.jar;C:\Users\vraj3\.m2\repository\io\zipkin\reporter2\zipkin-sender-activemq-client\2.15.0\zipkin-sender-activemq-client-2.15.0.jar;C:\Users\vraj3\.m2\repository\io\zipkin\reporter2\zipkin-sender-amqp-client\2.15.0\zipkin-sender-amqp-client-2.15.0.jar;C:\Users\vraj3\.m2\repository\org\springframework\amqp\spring-rabbit\2.2.7.RELEASE\spring-rabbit-2.2.7.RELEASE.jar;C:\Users\vraj3\.m2\repository\com\rabbitmq\amqp-client\5.9.0\amqp-client-5.9.0.jar;C:\Users\vraj3\.m2\repository\org\springframework\amqp\spring-amqp\2.2.7.RELEASE\spring-amqp-2.2.7.RELEASE.jar;C:\Users\vraj3\.m2\repository\org\springframework\retry\spring-retry\1.2.5.RELEASE\spring-retry-1.2.5.RELEASE.jar;C:\Users\vraj3\.m2\repository\org\springframework\spring-context\5.2.7.RELEASE\spring-context-5.2.7.RELEASE.jar;C:\Users\vraj3\.m2\repository\org\springframework\spring-messaging\5.2.7.RELEASE\spring-messaging-5.2.7.RELEASE.jar;C:\Users\vraj3\.m2\repository\org\springframework\spring-tx\5.2.7.RELEASE\spring-tx-5.2.7.RELEASE.jar;C:\Users\vraj3\.m2\repository\org\springframework\cloud\spring-cloud-starter-netflix-eureka-client\2.2.3.RELEASE\spring-cloud-starter-netflix-eureka-client-2.2.3.RELEASE.jar;C:\Users\vraj3\.m2\repository\org\springframework\cloud\spring-cloud-netflix-hystrix\2.2.3.RELEASE\spring-cloud-netflix-hystrix-2.2.3.RELEASE.jar;C:\Users\vraj3\.m2\repository\org\springframework\cloud\spring-cloud-netflix-eureka-client\2.2.3.RELEASE\spring-cloud-netflix-eureka-client-2.2.3.RELEASE.jar;C:\Users\vraj3\.m2\repository\com\netflix\eureka\eureka-client\1.9.21\eureka-client-1.9.21.jar;C:\Users\vraj3\.m2\repository\org\codehaus\jettison\jettison\1.3.7\jettison-1.3.7.jar;C:\Users\vraj3\.m2\repository\stax\stax-api\1.0.1\stax-api-1.0.1.jar;C:\Users\vraj3\.m2\repository\com\netflix\netflix-commons\netflix-eventbus\0.3.0\netflix-eventbus-0.3.0.jar;C:\Users\vraj3\.m2\repository\com\netflix\netflix-commons\netflix-infix\0.3.0\netflix-infix-0.3.0.jar;C:\Users\vraj3\.m2\repository\commons-jxpath\commons-jxpath\1.3\commons-jxpath-1.3.jar;C:\Users\vraj3\.m2\repository\joda-time\joda-time\2.3\joda-time-2.3.jar;C:\Users\vraj3\.m2\repository\org\antlr\antlr-runtime\3.4\antlr-runtime-3.4.jar;C:\Users\vraj3\.m2\repository\org\antlr\stringtemplate\3.2.1\stringtemplate-3.2.1.jar;C:\Users\vraj3\.m2\repository\antlr\antlr\2.7.7\antlr-2.7.7.jar;C:\Users\vraj3\.m2\repository\com\google\code\gson\gson\2.8.6\gson-2.8.6.jar;C:\Users\vraj3\.m2\repository\org\apache\commons\commons-math\2.2\commons-math-2.2.jar;C:\Users\vraj3\.m2\repository\javax\ws\rs\jsr311-api\1.1.1\jsr311-api-1.1.1.jar;C:\Users\vraj3\.m2\repository\com\sun\jersey\jersey-core\1.19.1\jersey-core-1.19.1.jar;C:\Users\vraj3\.m2\repository\com\google\inject\guice\4.1.0\guice-4.1.0.jar;C:\Users\vraj3\.m2\repository\aopalliance\aopalliance\1.0\aopalliance-1.0.jar;C:\Users\vraj3\.m2\repository\com\fasterxml\woodstox\woodstox-core\5.3.0\woodstox-core-5.3.0.jar;C:\Users\vraj3\.m2\repository\org\codehaus\woodstox\stax2-api\4.2\stax2-api-4.2.jar;C:\Users\vraj3\.m2\repository\com\netflix\eureka\eureka-core\1.9.21\eureka-core-1.9.21.jar;C:\Users\vraj3\.m2\repository\com\netflix\ribbon\ribbon-eureka\2.3.0\ribbon-eureka-2.3.0.jar;C:\Users\vraj3\.m2\repository\org\springframework\boot\spring-boot-devtools\2.3.1.RELEASE\spring-boot-devtools-2.3.1.RELEASE.jar;C:\Users\vraj3\.m2\repository\org\springframework\boot\spring-boot\2.3.1.RELEASE\spring-boot-2.3.1.RELEASE.jar;C:\Users\vraj3\.m2\repository\org\springframework\boot\spring-boot-autoconfigure\2.3.1.RELEASE\spring-boot-autoconfigure-2.3.1.RELEASE.jar;C:\Users\vraj3\.m2\repository\org\springframework\boot\spring-boot-starter-test\2.3.1.RELEASE\spring-boot-starter-test-2.3.1.RELEASE.jar;C:\Users\vraj3\.m2\repository\org\springframework\boot\spring-boot-test\2.3.1.RELEASE\spring-boot-test-2.3.1.RELEASE.jar;C:\Users\vraj3\.m2\repository\org\springframework\boot\spring-boot-test-autoconfigure\2.3.1.RELEASE\spring-boot-test-autoconfigure-2.3.1.RELEASE.jar;C:\Users\vraj3\.m2\repository\com\jayway\jsonpath\json-path\2.4.0\json-path-2.4.0.jar;C:\Users\vraj3\.m2\repository\net\minidev\json-smart\2.3\json-smart-2.3.jar;C:\Users\vraj3\.m2\repository\net\minidev\accessors-smart\1.2\accessors-smart-1.2.jar;C:\Users\vraj3\.m2\repository\org\ow2\asm\asm\5.0.4\asm-5.0.4.jar;C:\Users\vraj3\.m2\repository\jakarta\xml\bind\jakarta.xml.bind-api\2.3.3\jakarta.xml.bind-api-2.3.3.jar;C:\Users\vraj3\.m2\repository\jakarta\activation\jakarta.activation-api\1.2.2\jakarta.activation-api-1.2.2.jar;C:\Users\vraj3\.m2\repository\org\assertj\assertj-core\3.16.1\assertj-core-3.16.1.jar;C:\Users\vraj3\.m2\repository\org\hamcrest\hamcrest\2.2\hamcrest-2.2.jar;C:\Users\vraj3\.m2\repository\org\junit\jupiter\junit-jupiter\5.6.2\junit-jupiter-5.6.2.jar;C:\Users\vraj3\.m2\repository\org\junit\jupiter\junit-jupiter-api\5.6.2\junit-jupiter-api-5.6.2.jar;C:\Users\vraj3\.m2\repository\org\opentest4j\opentest4j\1.2.0\opentest4j-1.2.0.jar;C:\Users\vraj3\.m2\repository\org\junit\platform\junit-platform-commons\1.6.2\junit-platform-commons-1.6.2.jar;C:\Users\vraj3\.m2\repository\org\junit\jupiter\junit-jupiter-params\5.6.2\junit-jupiter-params-5.6.2.jar;C:\Users\vraj3\.m2\repository\org\junit\jupiter\junit-jupiter-engine\5.6.2\junit-jupiter-engine-5.6.2.jar;C:\Users\vraj3\.m2\repository\org\junit\vintage\junit-vintage-engine\5.6.2\junit-vintage-engine-5.6.2.jar;C:\Users\vraj3\.m2\repository\org\apiguardian\apiguardian-api\1.1.0\apiguardian-api-1.1.0.jar;C:\Users\vraj3\.m2\repository\org\junit\platform\junit-platform-engine\1.6.2\junit-platform-engine-1.6.2.jar;C:\Users\vraj3\.m2\repository\junit\junit\4.13\junit-4.13.jar;C:\Users\vraj3\.m2\repository\org\mockito\mockito-core\3.3.3\mockito-core-3.3.3.jar;C:\Users\vraj3\.m2\repository\net\bytebuddy\byte-buddy\1.10.11\byte-buddy-1.10.11.jar;C:\Users\vraj3\.m2\repository\net\bytebuddy\byte-buddy-agent\1.10.11\byte-buddy-agent-1.10.11.jar;C:\Users\vraj3\.m2\repository\org\objenesis\objenesis\2.6\objenesis-2.6.jar;C:\Users\vraj3\.m2\repository\org\mockito\mockito-junit-jupiter\3.3.3\mockito-junit-jupiter-3.3.3.jar;C:\Users\vraj3\.m2\repository\org\skyscreamer\jsonassert\1.5.0\jsonassert-1.5.0.jar;C:\Users\vraj3\.m2\repository\com\vaadin\external\google\android-json\0.0.20131108.vaadin1\android-json-0.0.20131108.vaadin1.jar;C:\Users\vraj3\.m2\repository\org\springframework\spring-core\5.2.7.RELEASE\spring-core-5.2.7.RELEASE.jar;C:\Users\vraj3\.m2\repository\org\springframework\spring-jcl\5.2.7.RELEASE\spring-jcl-5.2.7.RELEASE.jar;C:\Users\vraj3\.m2\repository\org\springframework\spring-test\5.2.7.RELEASE\spring-test-5.2.7.RELEASE.jar;C:\Users\vraj3\.m2\repository\org\xmlunit\xmlunit-core\2.7.0\xmlunit-core-2.7.0.jar;"/>
    <property name="java.vm.vendor" value="Oracle Corporation"/>
    <property name="sun.arch.data.model" value="64"/>
    <property name="user.variant" value=""/>
    <property name="java.vendor.url" value="http://java.oracle.com/"/>
    <property name="user.timezone" value="America/New_York"/>
    <property name="java.vm.specification.version" value="1.8"/>
    <property name="os.name" value="Windows 10"/>
    <property name="user.country" value="CA"/>
    <property name="sun.java.launcher" value="SUN_STANDARD"/>
    <property name="sun.boot.library.path" value="C:\Program Files\Java\jdk1.8.0_202\jre\bin"/>
    <property name="sun.java.command" value="C:\Users\vraj3\AppData\Local\Temp\surefire3268608585440287766\surefirebooter6761293270027053105.jar C:\Users\vraj3\AppData\Local\Temp\surefire3268608585440287766 2023-02-01T00-59-07_952-jvmRun1 surefire5124810362627401550tmp surefire_06273716370004623569tmp"/>
    <property name="surefire.test.class.path" value="C:\Users\vraj3\OneDrive\Desktop\Java Training All Material\Microservices Project\Currency_Exchange\currency-conversion-service\target\test-classes;C:\Users\vraj3\OneDrive\Desktop\Java Training All Material\Microservices Project\Currency_Exchange\currency-conversion-service\target\classes;C:\Users\vraj3\.m2\repository\org\springframework\boot\spring-boot-starter-actuator\2.3.1.RELEASE\spring-boot-starter-actuator-2.3.1.RELEASE.jar;C:\Users\vraj3\.m2\repository\org\springframework\boot\spring-boot-starter\2.3.1.RELEASE\spring-boot-starter-2.3.1.RELEASE.jar;C:\Users\vraj3\.m2\repository\org\springframework\boot\spring-boot-starter-logging\2.3.1.RELEASE\spring-boot-starter-logging-2.3.1.RELEASE.jar;C:\Users\vraj3\.m2\repository\ch\qos\logback\logback-classic\1.2.3\logback-classic-1.2.3.jar;C:\Users\vraj3\.m2\repository\ch\qos\logback\logback-core\1.2.3\logback-core-1.2.3.jar;C:\Users\vraj3\.m2\repository\org\apache\logging\log4j\log4j-to-slf4j\2.13.3\log4j-to-slf4j-2.13.3.jar;C:\Users\vraj3\.m2\repository\org\apache\logging\log4j\log4j-api\2.13.3\log4j-api-2.13.3.jar;C:\Users\vraj3\.m2\repository\org\slf4j\jul-to-slf4j\1.7.30\jul-to-slf4j-1.7.30.jar;C:\Users\vraj3\.m2\repository\jakarta\annotation\jakarta.annotation-api\1.3.5\jakarta.annotation-api-1.3.5.jar;C:\Users\vraj3\.m2\repository\org\yaml\snakeyaml\1.26\snakeyaml-1.26.jar;C:\Users\vraj3\.m2\repository\org\springframework\boot\spring-boot-actuator-autoconfigure\2.3.1.RELEASE\spring-boot-actuator-autoconfigure-2.3.1.RELEASE.jar;C:\Users\vraj3\.m2\repository\org\springframework\boot\spring-boot-actuator\2.3.1.RELEASE\spring-boot-actuator-2.3.1.RELEASE.jar;C:\Users\vraj3\.m2\repository\com\fasterxml\jackson\datatype\jackson-datatype-jsr310\2.11.0\jackson-datatype-jsr310-2.11.0.jar;C:\Users\vraj3\.m2\repository\io\micrometer\micrometer-core\1.5.1\micrometer-core-1.5.1.jar;C:\Users\vraj3\.m2\repository\org\hdrhistogram\HdrHistogram\2.1.12\HdrHistogram-2.1.12.jar;C:\Users\vraj3\.m2\repository\org\latencyutils\LatencyUtils\2.0.3\LatencyUtils-2.0.3.jar;C:\Users\vraj3\.m2\repository\org\springframework\boot\spring-boot-starter-web\2.3.1.RELEASE\spring-boot-starter-web-2.3.1.RELEASE.jar;C:\Users\vraj3\.m2\repository\org\springframework\boot\spring-boot-starter-json\2.3.1.RELEASE\spring-boot-starter-json-2.3.1.RELEASE.jar;C:\Users\vraj3\.m2\repository\com\fasterxml\jackson\datatype\jackson-datatype-jdk8\2.11.0\jackson-datatype-jdk8-2.11.0.jar;C:\Users\vraj3\.m2\repository\com\fasterxml\jackson\module\jackson-module-parameter-names\2.11.0\jackson-module-parameter-names-2.11.0.jar;C:\Users\vraj3\.m2\repository\org\springframework\boot\spring-boot-starter-tomcat\2.3.1.RELEASE\spring-boot-starter-tomcat-2.3.1.RELEASE.jar;C:\Users\vraj3\.m2\repository\org\apache\tomcat\embed\tomcat-embed-core\9.0.36\tomcat-embed-core-9.0.36.jar;C:\Users\vraj3\.m2\repository\org\glassfish\jakarta.el\3.0.3\jakarta.el-3.0.3.jar;C:\Users\vraj3\.m2\repository\org\apache\tomcat\embed\tomcat-embed-websocket\9.0.36\tomcat-embed-websocket-9.0.36.jar;C:\Users\vraj3\.m2\repository\org\springframework\spring-web\5.2.7.RELEASE\spring-web-5.2.7.RELEASE.jar;C:\Users\vraj3\.m2\repository\org\springframework\spring-beans\5.2.7.RELEASE\spring-beans-5.2.7.RELEASE.jar;C:\Users\vraj3\.m2\repository\org\springframework\spring-webmvc\5.2.7.RELEASE\spring-webmvc-5.2.7.RELEASE.jar;C:\Users\vraj3\.m2\repository\org\springframework\spring-aop\5.2.7.RELEASE\spring-aop-5.2.7.RELEASE.jar;C:\Users\vraj3\.m2\repository\org\springframework\spring-expression\5.2.7.RELEASE\spring-expression-5.2.7.RELEASE.jar;C:\Users\vraj3\.m2\repository\org\springframework\cloud\spring-cloud-starter-config\2.2.3.RELEASE\spring-cloud-starter-config-2.2.3.RELEASE.jar;C:\Users\vraj3\.m2\repository\org\springframework\cloud\spring-cloud-starter\2.2.3.RELEASE\spring-cloud-starter-2.2.3.RELEASE.jar;C:\Users\vraj3\.m2\repository\org\springframework\cloud\spring-cloud-context\2.2.3.RELEASE\spring-cloud-context-2.2.3.RELEASE.jar;C:\Users\vraj3\.m2\repository\org\springframework\security\spring-security-rsa\1.0.9.RELEASE\spring-security-rsa-1.0.9.RELEASE.jar;C:\Users\vraj3\.m2\repository\org\bouncycastle\bcpkix-jdk15on\1.64\bcpkix-jdk15on-1.64.jar;C:\Users\vraj3\.m2\repository\org\bouncycastle\bcprov-jdk15on\1.64\bcprov-jdk15on-1.64.jar;C:\Users\vraj3\.m2\repository\org\springframework\cloud\spring-cloud-config-client\2.2.3.RELEASE\spring-cloud-config-client-2.2.3.RELEASE.jar;C:\Users\vraj3\.m2\repository\com\fasterxml\jackson\core\jackson-annotations\2.11.0\jackson-annotations-2.11.0.jar;C:\Users\vraj3\.m2\repository\com\fasterxml\jackson\core\jackson-databind\2.11.0\jackson-databind-2.11.0.jar;C:\Users\vraj3\.m2\repository\com\fasterxml\jackson\core\jackson-core\2.11.0\jackson-core-2.11.0.jar;C:\Users\vraj3\.m2\repository\org\springframework\cloud\spring-cloud-starter-openfeign\2.2.3.RELEASE\spring-cloud-starter-openfeign-2.2.3.RELEASE.jar;C:\Users\vraj3\.m2\repository\org\springframework\cloud\spring-cloud-openfeign-core\2.2.3.RELEASE\spring-cloud-openfeign-core-2.2.3.RELEASE.jar;C:\Users\vraj3\.m2\repository\io\github\openfeign\form\feign-form-spring\3.8.0\feign-form-spring-3.8.0.jar;C:\Users\vraj3\.m2\repository\io\github\openfeign\form\feign-form\3.8.0\feign-form-3.8.0.jar;C:\Users\vraj3\.m2\repository\commons-fileupload\commons-fileupload\1.4\commons-fileupload-1.4.jar;C:\Users\vraj3\.m2\repository\commons-io\commons-io\2.2\commons-io-2.2.jar;C:\Users\vraj3\.m2\repository\org\springframework\cloud\spring-cloud-commons\2.2.3.RELEASE\spring-cloud-commons-2.2.3.RELEASE.jar;C:\Users\vraj3\.m2\repository\org\springframework\security\spring-security-crypto\5.3.3.RELEASE\spring-security-crypto-5.3.3.RELEASE.jar;C:\Users\vraj3\.m2\repository\io\github\openfeign\feign-core\10.10.1\feign-core-10.10.1.jar;C:\Users\vraj3\.m2\repository\io\github\openfeign\feign-slf4j\10.10.1\feign-slf4j-10.10.1.jar;C:\Users\vraj3\.m2\repository\org\slf4j\slf4j-api\1.7.30\slf4j-api-1.7.30.jar;C:\Users\vraj3\.m2\repository\io\github\openfeign\feign-hystrix\10.10.1\feign-hystrix-10.10.1.jar;C:\Users\vraj3\.m2\repository\com\netflix\archaius\archaius-core\0.7.6\archaius-core-0.7.6.jar;C:\Users\vraj3\.m2\repository\com\google\code\findbugs\jsr305\3.0.1\jsr305-3.0.1.jar;C:\Users\vraj3\.m2\repository\com\netflix\hystrix\hystrix-core\1.5.18\hystrix-core-1.5.18.jar;C:\Users\vraj3\.m2\repository\org\springframework\cloud\spring-cloud-starter-loadbalancer\2.2.3.RELEASE\spring-cloud-starter-loadbalancer-2.2.3.RELEASE.jar;C:\Users\vraj3\.m2\repository\org\springframework\cloud\spring-cloud-loadbalancer\2.2.3.RELEASE\spring-cloud-loadbalancer-2.2.3.RELEASE.jar;C:\Users\vraj3\.m2\repository\org\springframework\boot\spring-boot-starter-validation\2.3.1.RELEASE\spring-boot-starter-validation-2.3.1.RELEASE.jar;C:\Users\vraj3\.m2\repository\org\hibernate\validator\hibernate-validator\6.1.5.Final\hibernate-validator-6.1.5.Final.jar;C:\Users\vraj3\.m2\repository\jakarta\validation\jakarta.validation-api\2.0.2\jakarta.validation-api-2.0.2.jar;C:\Users\vraj3\.m2\repository\org\jboss\logging\jboss-logging\3.4.1.Final\jboss-logging-3.4.1.Final.jar;C:\Users\vraj3\.m2\repository\com\fasterxml\classmate\1.5.1\classmate-1.5.1.jar;C:\Users\vraj3\.m2\repository\io\projectreactor\reactor-core\3.3.6.RELEASE\reactor-core-3.3.6.RELEASE.jar;C:\Users\vraj3\.m2\repository\org\reactivestreams\reactive-streams\1.0.3\reactive-streams-1.0.3.jar;C:\Users\vraj3\.m2\repository\io\projectreactor\addons\reactor-extra\3.3.3.RELEASE\reactor-extra-3.3.3.RELEASE.jar;C:\Users\vraj3\.m2\repository\org\springframework\boot\spring-boot-starter-cache\2.3.1.RELEASE\spring-boot-starter-cache-2.3.1.RELEASE.jar;C:\Users\vraj3\.m2\repository\org\springframework\spring-context-support\5.2.7.RELEASE\spring-context-support-5.2.7.RELEASE.jar;C:\Users\vraj3\.m2\repository\com\stoyanr\evictor\1.0.0\evictor-1.0.0.jar;C:\Users\vraj3\.m2\repository\org\springframework\cloud\spring-cloud-starter-netflix-ribbon\2.2.10.RELEASE\spring-cloud-starter-netflix-ribbon-2.2.10.RELEASE.jar;C:\Users\vraj3\.m2\repository\org\springframework\cloud\spring-cloud-netflix-ribbon\2.2.3.RELEASE\spring-cloud-netflix-ribbon-2.2.3.RELEASE.jar;C:\Users\vraj3\.m2\repository\org\springframework\cloud\spring-cloud-netflix-archaius\2.2.3.RELEASE\spring-cloud-netflix-archaius-2.2.3.RELEASE.jar;C:\Users\vraj3\.m2\repository\org\springframework\cloud\spring-cloud-starter-netflix-archaius\2.2.3.RELEASE\spring-cloud-starter-netflix-archaius-2.2.3.RELEASE.jar;C:\Users\vraj3\.m2\repository\commons-configuration\commons-configuration\1.8\commons-configuration-1.8.jar;C:\Users\vraj3\.m2\repository\com\netflix\ribbon\ribbon\2.3.0\ribbon-2.3.0.jar;C:\Users\vraj3\.m2\repository\com\netflix\ribbon\ribbon-transport\2.3.0\ribbon-transport-2.3.0.jar;C:\Users\vraj3\.m2\repository\io\reactivex\rxnetty-contexts\0.4.9\rxnetty-contexts-0.4.9.jar;C:\Users\vraj3\.m2\repository\io\reactivex\rxnetty-servo\0.4.9\rxnetty-servo-0.4.9.jar;C:\Users\vraj3\.m2\repository\javax\inject\javax.inject\1\javax.inject-1.jar;C:\Users\vraj3\.m2\repository\io\reactivex\rxnetty\0.4.9\rxnetty-0.4.9.jar;C:\Users\vraj3\.m2\repository\com\google\guava\guava\29.0-android\guava-29.0-android.jar;C:\Users\vraj3\.m2\repository\com\google\guava\failureaccess\1.0.1\failureaccess-1.0.1.jar;C:\Users\vraj3\.m2\repository\com\google\guava\listenablefuture\9999.0-empty-to-avoid-conflict-with-guava\listenablefuture-9999.0-empty-to-avoid-conflict-with-guava.jar;C:\Users\vraj3\.m2\repository\org\checkerframework\checker-compat-qual\2.5.5\checker-compat-qual-2.5.5.jar;C:\Users\vraj3\.m2\repository\com\google\errorprone\error_prone_annotations\2.3.4\error_prone_annotations-2.3.4.jar;C:\Users\vraj3\.m2\repository\com\google\j2objc\j2objc-annotations\1.3\j2objc-annotations-1.3.jar;C:\Users\vraj3\.m2\repository\com\netflix\ribbon\ribbon-core\2.3.0\ribbon-core-2.3.0.jar;C:\Users\vraj3\.m2\repository\commons-lang\commons-lang\2.6\commons-lang-2.6.jar;C:\Users\vraj3\.m2\repository\com\netflix\ribbon\ribbon-httpclient\2.3.0\ribbon-httpclient-2.3.0.jar;C:\Users\vraj3\.m2\repository\commons-collections\commons-collections\3.2.2\commons-collections-3.2.2.jar;C:\Users\vraj3\.m2\repository\org\apache\httpcomponents\httpclient\4.5.12\httpclient-4.5.12.jar;C:\Users\vraj3\.m2\repository\org\apache\httpcomponents\httpcore\4.4.13\httpcore-4.4.13.jar;C:\Users\vraj3\.m2\repository\commons-codec\commons-codec\1.14\commons-codec-1.14.jar;C:\Users\vraj3\.m2\repository\com\sun\jersey\jersey-client\1.19.1\jersey-client-1.19.1.jar;C:\Users\vraj3\.m2\repository\com\sun\jersey\contribs\jersey-apache-client4\1.19.1\jersey-apache-client4-1.19.1.jar;C:\Users\vraj3\.m2\repository\com\netflix\servo\servo-core\0.12.21\servo-core-0.12.21.jar;C:\Users\vraj3\.m2\repository\com\netflix\netflix-commons\netflix-commons-util\0.3.0\netflix-commons-util-0.3.0.jar;C:\Users\vraj3\.m2\repository\com\netflix\ribbon\ribbon-loadbalancer\2.3.0\ribbon-loadbalancer-2.3.0.jar;C:\Users\vraj3\.m2\repository\com\netflix\netflix-commons\netflix-statistics\0.1.1\netflix-statistics-0.1.1.jar;C:\Users\vraj3\.m2\repository\io\reactivex\rxjava\1.3.8\rxjava-1.3.8.jar;C:\Users\vraj3\.m2\repository\com\thoughtworks\xstream\xstream\1.4.15\xstream-1.4.15.jar;C:\Users\vraj3\.m2\repository\xmlpull\xmlpull\1.1.3.1\xmlpull-1.1.3.1.jar;C:\Users\vraj3\.m2\repository\xpp3\xpp3_min\1.1.4c\xpp3_min-1.1.4c.jar;C:\Users\vraj3\.m2\repository\org\springframework\cloud\spring-cloud-starter-sleuth\2.2.1.RELEASE\spring-cloud-starter-sleuth-2.2.1.RELEASE.jar;C:\Users\vraj3\.m2\repository\org\springframework\boot\spring-boot-starter-aop\2.3.1.RELEASE\spring-boot-starter-aop-2.3.1.RELEASE.jar;C:\Users\vraj3\.m2\repository\org\aspectj\aspectjweaver\1.9.5\aspectjweaver-1.9.5.jar;C:\Users\vraj3\.m2\repository\org\springframework\cloud\spring-cloud-sleuth-core\2.2.3.RELEASE\spring-cloud-sleuth-core-2.2.3.RELEASE.jar;C:\Users\vraj3\.m2\repository\org\aspectj\aspectjrt\1.9.5\aspectjrt-1.9.5.jar;C:\Users\vraj3\.m2\repository\io\zipkin\brave\brave\5.12.3\brave-5.12.3.jar;C:\Users\vraj3\.m2\repository\io\zipkin\brave\brave-context-slf4j\5.12.3\brave-context-slf4j-5.12.3.jar;C:\Users\vraj3\.m2\repository\io\zipkin\brave\brave-instrumentation-messaging\5.12.3\brave-instrumentation-messaging-5.12.3.jar;C:\Users\vraj3\.m2\repository\io\zipkin\brave\brave-instrumentation-rpc\5.12.3\brave-instrumentation-rpc-5.12.3.jar;C:\Users\vraj3\.m2\repository\io\zipkin\brave\brave-instrumentation-spring-web\5.12.3\brave-instrumentation-spring-web-5.12.3.jar;C:\Users\vraj3\.m2\repository\io\zipkin\brave\brave-instrumentation-http\5.12.3\brave-instrumentation-http-5.12.3.jar;C:\Users\vraj3\.m2\repository\io\zipkin\brave\brave-instrumentation-spring-rabbit\5.12.3\brave-instrumentation-spring-rabbit-5.12.3.jar;C:\Users\vraj3\.m2\repository\io\zipkin\brave\brave-instrumentation-kafka-clients\5.12.3\brave-instrumentation-kafka-clients-5.12.3.jar;C:\Users\vraj3\.m2\repository\io\zipkin\brave\brave-instrumentation-kafka-streams\5.12.3\brave-instrumentation-kafka-streams-5.12.3.jar;C:\Users\vraj3\.m2\repository\io\zipkin\brave\brave-instrumentation-httpclient\5.12.3\brave-instrumentation-httpclient-5.12.3.jar;C:\Users\vraj3\.m2\repository\io\zipkin\brave\brave-instrumentation-httpasyncclient\5.12.3\brave-instrumentation-httpasyncclient-5.12.3.jar;C:\Users\vraj3\.m2\repository\io\zipkin\brave\brave-instrumentation-spring-webmvc\5.12.3\brave-instrumentation-spring-webmvc-5.12.3.jar;C:\Users\vraj3\.m2\repository\io\zipkin\brave\brave-instrumentation-servlet\5.12.3\brave-instrumentation-servlet-5.12.3.jar;C:\Users\vraj3\.m2\repository\io\zipkin\brave\brave-instrumentation-jms\5.12.3\brave-instrumentation-jms-5.12.3.jar;C:\Users\vraj3\.m2\repository\io\zipkin\reporter2\zipkin-reporter-metrics-micrometer\2.15.0\zipkin-reporter-metrics-micrometer-2.15.0.jar;C:\Users\vraj3\.m2\repository\org\springframework\cloud\spring-cloud-starter-zipkin\2.1.1.RELEASE\spring-cloud-starter-zipkin-2.1.1.RELEASE.jar;C:\Users\vraj3\.m2\repository\org\springframework\cloud\spring-cloud-sleuth-zipkin\2.2.3.RELEASE\spring-cloud-sleuth-zipkin-2.2.3.RELEASE.jar;C:\Users\vraj3\.m2\repository\io\zipkin\zipkin2\zipkin\2.21.1\zipkin-2.21.1.jar;C:\Users\vraj3\.m2\repository\io\zipkin\reporter2\zipkin-reporter\2.15.0\zipkin-reporter-2.15.0.jar;C:\Users\vraj3\.m2\repository\io\zipkin\reporter2\zipkin-reporter-brave\2.15.0\zipkin-reporter-brave-2.15.0.jar;C:\Users\vraj3\.m2\repository\io\zipkin\reporter2\zipkin-sender-kafka\2.15.0\zipkin-sender-kafka-2.15.0.jar;C:\Users\vraj3\.m2\repository\io\zipkin\reporter2\zipkin-sender-activemq-client\2.15.0\zipkin-sender-activemq-client-2.15.0.jar;C:\Users\vraj3\.m2\repository\io\zipkin\reporter2\zipkin-sender-amqp-client\2.15.0\zipkin-sender-amqp-client-2.15.0.jar;C:\Users\vraj3\.m2\repository\org\springframework\amqp\spring-rabbit\2.2.7.RELEASE\spring-rabbit-2.2.7.RELEASE.jar;C:\Users\vraj3\.m2\repository\com\rabbitmq\amqp-client\5.9.0\amqp-client-5.9.0.jar;C:\Users\vraj3\.m2\repository\org\springframework\amqp\spring-amqp\2.2.7.RELEASE\spring-amqp-2.2.7.RELEASE.jar;C:\Users\vraj3\.m2\repository\org\springframework\retry\spring-retry\1.2.5.RELEASE\spring-retry-1.2.5.RELEASE.jar;C:\Users\vraj3\.m2\repository\org\springframework\spring-context\5.2.7.RELEASE\spring-context-5.2.7.RELEASE.jar;C:\Users\vraj3\.m2\repository\org\springframework\spring-messaging\5.2.7.RELEASE\spring-messaging-5.2.7.RELEASE.jar;C:\Users\vraj3\.m2\repository\org\springframework\spring-tx\5.2.7.RELEASE\spring-tx-5.2.7.RELEASE.jar;C:\Users\vraj3\.m2\repository\org\springframework\cloud\spring-cloud-starter-netflix-eureka-client\2.2.3.RELEASE\spring-cloud-starter-netflix-eureka-client-2.2.3.RELEASE.jar;C:\Users\vraj3\.m2\repository\org\springframework\cloud\spring-cloud-netflix-hystrix\2.2.3.RELEASE\spring-cloud-netflix-hystrix-2.2.3.RELEASE.jar;C:\Users\vraj3\.m2\repository\org\springframework\cloud\spring-cloud-netflix-eureka-client\2.2.3.RELEASE\spring-cloud-netflix-eureka-client-2.2.3.RELEASE.jar;C:\Users\vraj3\.m2\repository\com\netflix\eureka\eureka-client\1.9.21\eureka-client-1.9.21.jar;C:\Users\vraj3\.m2\repository\org\codehaus\jettison\jettison\1.3.7\jettison-1.3.7.jar;C:\Users\vraj3\.m2\repository\stax\stax-api\1.0.1\stax-api-1.0.1.jar;C:\Users\vraj3\.m2\repository\com\netflix\netflix-commons\netflix-eventbus\0.3.0\netflix-eventbus-0.3.0.jar;C:\Users\vraj3\.m2\repository\com\netflix\netflix-commons\netflix-infix\0.3.0\netflix-infix-0.3.0.jar;C:\Users\vraj3\.m2\repository\commons-jxpath\commons-jxpath\1.3\commons-jxpath-1.3.jar;C:\Users\vraj3\.m2\repository\joda-time\joda-time\2.3\joda-time-2.3.jar;C:\Users\vraj3\.m2\repository\org\antlr\antlr-runtime\3.4\antlr-runtime-3.4.jar;C:\Users\vraj3\.m2\repository\org\antlr\stringtemplate\3.2.1\stringtemplate-3.2.1.jar;C:\Users\vraj3\.m2\repository\antlr\antlr\2.7.7\antlr-2.7.7.jar;C:\Users\vraj3\.m2\repository\com\google\code\gson\gson\2.8.6\gson-2.8.6.jar;C:\Users\vraj3\.m2\repository\org\apache\commons\commons-math\2.2\commons-math-2.2.jar;C:\Users\vraj3\.m2\repository\javax\ws\rs\jsr311-api\1.1.1\jsr311-api-1.1.1.jar;C:\Users\vraj3\.m2\repository\com\sun\jersey\jersey-core\1.19.1\jersey-core-1.19.1.jar;C:\Users\vraj3\.m2\repository\com\google\inject\guice\4.1.0\guice-4.1.0.jar;C:\Users\vraj3\.m2\repository\aopalliance\aopalliance\1.0\aopalliance-1.0.jar;C:\Users\vraj3\.m2\repository\com\fasterxml\woodstox\woodstox-core\5.3.0\woodstox-core-5.3.0.jar;C:\Users\vraj3\.m2\repository\org\codehaus\woodstox\stax2-api\4.2\stax2-api-4.2.jar;C:\Users\vraj3\.m2\repository\com\netflix\eureka\eureka-core\1.9.21\eureka-core-1.9.21.jar;C:\Users\vraj3\.m2\repository\com\netflix\ribbon\ribbon-eureka\2.3.0\ribbon-eureka-2.3.0.jar;C:\Users\vraj3\.m2\repository\org\springframework\boot\spring-boot-devtools\2.3.1.RELEASE\spring-boot-devtools-2.3.1.RELEASE.jar;C:\Users\vraj3\.m2\repository\org\springframework\boot\spring-boot\2.3.1.RELEASE\spring-boot-2.3.1.RELEASE.jar;C:\Users\vraj3\.m2\repository\org\springframework\boot\spring-boot-autoconfigure\2.3.1.RELEASE\spring-boot-autoconfigure-2.3.1.RELEASE.jar;C:\Users\vraj3\.m2\repository\org\springframework\boot\spring-boot-starter-test\2.3.1.RELEASE\spring-boot-starter-test-2.3.1.RELEASE.jar;C:\Users\vraj3\.m2\repository\org\springframework\boot\spring-boot-test\2.3.1.RELEASE\spring-boot-test-2.3.1.RELEASE.jar;C:\Users\vraj3\.m2\repository\org\springframework\boot\spring-boot-test-autoconfigure\2.3.1.RELEASE\spring-boot-test-autoconfigure-2.3.1.RELEASE.jar;C:\Users\vraj3\.m2\repository\com\jayway\jsonpath\json-path\2.4.0\json-path-2.4.0.jar;C:\Users\vraj3\.m2\repository\net\minidev\json-smart\2.3\json-smart-2.3.jar;C:\Users\vraj3\.m2\repository\net\minidev\accessors-smart\1.2\accessors-smart-1.2.jar;C:\Users\vraj3\.m2\repository\org\ow2\asm\asm\5.0.4\asm-5.0.4.jar;C:\Users\vraj3\.m2\repository\jakarta\xml\bind\jakarta.xml.bind-api\2.3.3\jakarta.xml.bind-api-2.3.3.jar;C:\Users\vraj3\.m2\repository\jakarta\activation\jakarta.activation-api\1.2.2\jakarta.activation-api-1.2.2.jar;C:\Users\vraj3\.m2\repository\org\assertj\assertj-core\3.16.1\assertj-core-3.16.1.jar;C:\Users\vraj3\.m2\repository\org\hamcrest\hamcrest\2.2\hamcrest-2.2.jar;C:\Users\vraj3\.m2\repository\org\junit\jupiter\junit-jupiter\5.6.2\junit-jupiter-5.6.2.jar;C:\Users\vraj3\.m2\repository\org\junit\jupiter\junit-jupiter-api\5.6.2\junit-jupiter-api-5.6.2.jar;C:\Users\vraj3\.m2\repository\org\opentest4j\opentest4j\1.2.0\opentest4j-1.2.0.jar;C:\Users\vraj3\.m2\repository\org\junit\platform\junit-platform-commons\1.6.2\junit-platform-commons-1.6.2.jar;C:\Users\vraj3\.m2\repository\org\junit\jupiter\junit-jupiter-params\5.6.2\junit-jupiter-params-5.6.2.jar;C:\Users\vraj3\.m2\repository\org\junit\jupiter\junit-jupiter-engine\5.6.2\junit-jupiter-engine-5.6.2.jar;C:\Users\vraj3\.m2\repository\org\junit\vintage\junit-vintage-engine\5.6.2\junit-vintage-engine-5.6.2.jar;C:\Users\vraj3\.m2\repository\org\apiguardian\apiguardian-api\1.1.0\apiguardian-api-1.1.0.jar;C:\Users\vraj3\.m2\repository\org\junit\platform\junit-platform-engine\1.6.2\junit-platform-engine-1.6.2.jar;C:\Users\vraj3\.m2\repository\junit\junit\4.13\junit-4.13.jar;C:\Users\vraj3\.m2\repository\org\mockito\mockito-core\3.3.3\mockito-core-3.3.3.jar;C:\Users\vraj3\.m2\repository\net\bytebuddy\byte-buddy\1.10.11\byte-buddy-1.10.11.jar;C:\Users\vraj3\.m2\repository\net\bytebuddy\byte-buddy-agent\1.10.11\byte-buddy-agent-1.10.11.jar;C:\Users\vraj3\.m2\repository\org\objenesis\objenesis\2.6\objenesis-2.6.jar;C:\Users\vraj3\.m2\repository\org\mockito\mockito-junit-jupiter\3.3.3\mockito-junit-jupiter-3.3.3.jar;C:\Users\vraj3\.m2\repository\org\skyscreamer\jsonassert\1.5.0\jsonassert-1.5.0.jar;C:\Users\vraj3\.m2\repository\com\vaadin\external\google\android-json\0.0.20131108.vaadin1\android-json-0.0.20131108.vaadin1.jar;C:\Users\vraj3\.m2\repository\org\springframework\spring-core\5.2.7.RELEASE\spring-core-5.2.7.RELEASE.jar;C:\Users\vraj3\.m2\repository\org\springframework\spring-jcl\5.2.7.RELEASE\spring-jcl-5.2.7.RELEASE.jar;C:\Users\vraj3\.m2\repository\org\springframework\spring-test\5.2.7.RELEASE\spring-test-5.2.7.RELEASE.jar;C:\Users\vraj3\.m2\repository\org\xmlunit\xmlunit-core\2.7.0\xmlunit-core-2.7.0.jar;"/>
    <property name="sun.cpu.endian" value="little"/>
    <property name="user.home" value="C:\Users\vraj3"/>
    <property name="user.language" value="en"/>
    <property name="java.specification.vendor" value="Oracle Corporation"/>
    <property name="java.home" value="C:\Program Files\Java\jdk1.8.0_202\jre"/>
    <property name="basedir" value="C:\Users\vraj3\OneDrive\Desktop\Java Training All Material\Microservices Project\Currency_Exchange\currency-conversion-service"/>
    <property name="file.separator" value="\"/>
    <property name="line.separator" value="&#10;"/>
    <property name="java.vm.specification.vendor" value="Oracle Corporation"/>
    <property name="java.specification.name" value="Java Platform API Specification"/>
    <property name="java.awt.graphicsenv" value="sun.awt.Win32GraphicsEnvironment"/>
    <property name="surefire.real.class.path" value="C:\Users\vraj3\AppData\Local\Temp\surefire3268608585440287766\surefirebooter6761293270027053105.jar"/>
    <property name="sun.boot.class.path" value="C:\Program Files\Java\jdk1.8.0_202\jre\lib\resources.jar;C:\Program Files\Java\jdk1.8.0_202\jre\lib\rt.jar;C:\Program Files\Java\jdk1.8.0_202\jre\lib\sunrsasign.jar;C:\Program Files\Java\jdk1.8.0_202\jre\lib\jsse.jar;C:\Program Files\Java\jdk1.8.0_202\jre\lib\jce.jar;C:\Program Files\Java\jdk1.8.0_202\jre\lib\charsets.jar;C:\Program Files\Java\jdk1.8.0_202\jre\lib\jfr.jar;C:\Program Files\Java\jdk1.8.0_202\jre\classes"/>
    <property name="user.script" value=""/>
    <property name="sun.management.compiler" value="HotSpot 64-Bit Tiered Compilers"/>
    <property name="java.runtime.version" value="1.8.0_202-b08"/>
    <property name="user.name" value="vraj3"/>
    <property name="path.separator" value=";"/>
    <property name="os.version" value="10.0"/>
    <property name="java.endorsed.dirs" value="C:\Program Files\Java\jdk1.8.0_202\jre\lib\endorsed"/>
    <property name="java.runtime.name" value="Java(TM) SE Runtime Environment"/>
    <property name="file.encoding" value="Cp1252"/>
    <property name="java.vm.name" value="Java HotSpot(TM) 64-Bit Server VM"/>
    <property name="localRepository" value="C:\Users\vraj3\.m2\repository"/>
    <property name="java.vendor.url.bug" value="http://bugreport.sun.com/bugreport/"/>
    <property name="java.io.tmpdir" value="C:\Users\vraj3\AppData\Local\Temp\"/>
    <property name="java.version" value="1.8.0_202"/>
    <property name="user.dir" value="C:\Users\vraj3\OneDrive\Desktop\Java Training All Material\Microservices Project\Currency_Exchange\currency-conversion-service"/>
    <property name="os.arch" value="amd64"/>
    <property name="java.vm.specification.name" value="Java Virtual Machine Specification"/>
    <property name="java.awt.printerjob" value="sun.awt.windows.WPrinterJob"/>
    <property name="sun.os.patch.level" value=""/>
    <property name="java.library.path" value="C:\Program Files\Java\jdk1.8.0_202\jre\bin;C:\WINDOWS\Sun\Java\bin;C:\WINDOWS\system32;C:\WINDOWS;C:\Program Files (x86)\Common Files\Oracle\Java\javapath;C:\WINDOWS\system32;C:\WINDOWS;C:\WINDOWS\System32\Wbem;C:\WINDOWS\System32\WindowsPowerShell\v1.0\;C:\WINDOWS\System32\OpenSSH\;C:\Program Files\Java\jdk1.8.0_202\bin;C:\Program Files\apache-tomcat-9.0.65\bin;C:\Program Files\Docker\Docker\resources\bin;C:\Program Files\Git\cmd;C:\Program Files\MySQL\MySQL Shell 8.0\bin\;C:\Users\vraj3\AppData\Local\Microsoft\WindowsApps;C:\Users\vraj3\AppData\Local\JetBrains\IntelliJ IDEA Community Edition 2022.1.4\bin;;C:\Program Files\apache-maven-3.8.6\bin;C:\Users\vraj3\AppData\Local\Programs\Microsoft VS Code\bin;."/>
    <property name="java.vm.info" value="mixed mode"/>
    <property name="java.vendor" value="Oracle Corporation"/>
    <property name="java.vm.version" value="25.202-b08"/>
    <property name="java.ext.dirs" value="C:\Program Files\Java\jdk1.8.0_202\jre\lib\ext;C:\WINDOWS\Sun\Java\lib\ext"/>
    <property name="sun.io.unicode.encoding" value="UnicodeLittle"/>
    <property name="java.class.version" value="52.0"/>
  </properties>
  <testcase name="contextLoads" classname="com.in28minutes.microservices.currencyconversionservice.CurrencyConversionServiceApplicationTests" time="0.04"/>
</testsuite>